Autotest: Begin at Mon May 13 14:31:35 CST 2019
Beginning intensive test >>>>>>>>>


Begin build at Mon May 13 14:31:38 CST 2019
Cleanning the project.................

for d in boot drivers init lib mm user fs;	\
		do					\
			make --directory=$d clean; \
		done; \
	rm -rf *.o *~ gxemul/vmlinux
make[1]: Entering directory `/usr/src/workdir/boot'
rm -rf *~ *.o
make[1]: Leaving directory `/usr/src/workdir/boot'
make[1]: Entering directory `/usr/src/workdir/drivers'
for d in gxconsole; \
		do				\
			make --directory=$d clean; \
		done
make[2]: Entering directory `/usr/src/workdir/drivers/gxconsole'
rm -rf *.o *~
make[2]: Leaving directory `/usr/src/workdir/drivers/gxconsole'
make[1]: Leaving directory `/usr/src/workdir/drivers'
make[1]: Entering directory `/usr/src/workdir/init'
rm -rf *~ *.o
make[1]: Leaving directory `/usr/src/workdir/init'
make[1]: Entering directory `/usr/src/workdir/lib'
rm -rf *~ *.o
make[1]: Leaving directory `/usr/src/workdir/lib'
make[1]: Entering directory `/usr/src/workdir/mm'
rm -rf *~ *.o
make[1]: Leaving directory `/usr/src/workdir/mm'
make[1]: Entering directory `/usr/src/workdir/user'
rm -rf *~ *.o *.b.c *.x *.b
make[1]: Leaving directory `/usr/src/workdir/user'
make[1]: Entering directory `/usr/src/workdir/fs'
rm -rf *~ *.o *.b.c *.b *.x
make[1]: Leaving directory `/usr/src/workdir/fs'

Building the project..................

make --directory=boot
make[1]: Entering directory `/usr/src/workdir/boot'
/OSLAB/compiler/usr/bin/mips_4KC-gcc -O -G 0 -mno-abicalls -fno-builtin -Wa,-xgot -Wall -fPIC -I../include/ -c start.S 
make[1]: Leaving directory `/usr/src/workdir/boot'
make --directory=drivers
make[1]: Entering directory `/usr/src/workdir/drivers'
make --directory=gxconsole
make[2]: Entering directory `/usr/src/workdir/drivers/gxconsole'
/OSLAB/compiler/usr/bin/mips_4KC-gcc -O -G 0 -mno-abicalls -fno-builtin -Wa,-xgot -Wall -fPIC   -c -o console.o console.c
make[2]: Leaving directory `/usr/src/workdir/drivers/gxconsole'
make[1]: Leaving directory `/usr/src/workdir/drivers'
make --directory=init
make[1]: Entering directory `/usr/src/workdir/init'
/OSLAB/compiler/usr/bin/mips_4KC-gcc -O -G 0 -mno-abicalls -fno-builtin -Wa,-xgot -Wall -fPIC -I../include -c init.c
/OSLAB/compiler/usr/bin/mips_4KC-gcc -O -G 0 -mno-abicalls -fno-builtin -Wa,-xgot -Wall -fPIC -I../include -c main.c
/OSLAB/compiler/usr/bin/mips_4KC-gcc -O -G 0 -mno-abicalls -fno-builtin -Wa,-xgot -Wall -fPIC -I../include -c code.c
make[1]: Leaving directory `/usr/src/workdir/init'
make --directory=lib
make[1]: Entering directory `/usr/src/workdir/lib'
/OSLAB/compiler/usr/bin/mips_4KC-gcc -O -G 0 -mno-abicalls -fno-builtin -Wa,-xgot -Wall -fPIC -I./ -I../ -I../include/ -c env.c
env.c: In function 'env_alloc':
env.c:204: warning: unused variable 'r'
env.c: In function 'env_run':
env.c:506: warning: assignment from incompatible pointer type
env.c:515: warning: passing argument 1 of 'lcontext' makes integer from pointer without a cast
/OSLAB/compiler/usr/bin/mips_4KC-gcc -O -G 0 -mno-abicalls -fno-builtin -Wa,-xgot -Wall -fPIC -I./ -I../ -I../include/ -c print.c
/OSLAB/compiler/usr/bin/mips_4KC-gcc -O -G 0 -mno-abicalls -fno-builtin -Wa,-xgot -Wall -fPIC -I./ -I../ -I../include/ -c printf.c
/OSLAB/compiler/usr/bin/mips_4KC-gcc -O -G 0 -mno-abicalls -fno-builtin -Wa,-xgot -Wall -fPIC -I./ -I../ -I../include/ -c sched.c
/OSLAB/compiler/usr/bin/mips_4KC-gcc -O -G 0 -mno-abicalls -fno-builtin -Wa,-xgot -Wall -fPIC -I./ -I../ -I../include/ -c env_asm.S
env_asm.S: Assembler messages:
env_asm.S:62: Warning: Used $at without ".set noat"
/OSLAB/compiler/usr/bin/mips_4KC-gcc -O -G 0 -mno-abicalls -fno-builtin -Wa,-xgot -Wall -fPIC -I./ -I../ -I../include/ -c kclock.c
/OSLAB/compiler/usr/bin/mips_4KC-gcc -O -G 0 -mno-abicalls -fno-builtin -Wa,-xgot -Wall -fPIC -I./ -I../ -I../include/ -c traps.c
/OSLAB/compiler/usr/bin/mips_4KC-gcc -O -G 0 -mno-abicalls -fno-builtin -Wa,-xgot -Wall -fPIC -I./ -I../ -I../include/ -c genex.S
/OSLAB/compiler/usr/bin/mips_4KC-gcc -O -G 0 -mno-abicalls -fno-builtin -Wa,-xgot -Wall -fPIC -I./ -I../ -I../include/ -c kclock_asm.S
/OSLAB/compiler/usr/bin/mips_4KC-gcc -O -G 0 -mno-abicalls -fno-builtin -Wa,-xgot -Wall -fPIC -I./ -I../ -I../include/ -c syscall.S
syscall.S: Assembler messages:
syscall.S:8: Warning: Used $at without ".set noat"
/OSLAB/compiler/usr/bin/mips_4KC-gcc -O -G 0 -mno-abicalls -fno-builtin -Wa,-xgot -Wall -fPIC -I./ -I../ -I../include/ -c syscall_all.c
syscall_all.c: In function 'sys_env_alloc':
syscall_all.c:307: warning: implicit declaration of function 'env_alloc'
syscall_all.c: In function 'sys_set_env_status':
syscall_all.c:340: warning: unused variable 'o'
syscall_all.c:339: warning: unused variable 'env_sched_list'
/OSLAB/compiler/usr/bin/mips_4KC-gcc -O -G 0 -mno-abicalls -fno-builtin -Wa,-xgot -Wall -fPIC -I./ -I../ -I../include/ -c getc.S
/OSLAB/compiler/usr/bin/mips_4KC-gcc -O -G 0 -mno-abicalls -fno-builtin -Wa,-xgot -Wall -fPIC -I./ -I../ -I../include/ -c kernel_elfloader.c
make[1]: Leaving directory `/usr/src/workdir/lib'
make --directory=mm
make[1]: Entering directory `/usr/src/workdir/mm'
/OSLAB/compiler/usr/bin/mips_4KC-gcc -O -G 0 -mno-abicalls -fno-builtin -Wa,-xgot -Wall -fPIC -I./ -I../ -I../include/ -c pmap.c
pmap.c: In function 'boot_map_segment':
pmap.c:132: warning: unused variable 'va_temp'
pmap.c: In function 'page_init':
pmap.c:203: warning: statement with no effect
pmap.c:198: warning: unused variable 'last'
pmap.c: In function 'page_alloc':
pmap.c:271: warning: passing argument 1 of 'bzero' makes pointer from integer without a cast
/OSLAB/compiler/usr/bin/mips_4KC-gcc -O -G 0 -mno-abicalls -fno-builtin -Wa,-xgot -Wall -fPIC -I./ -I../ -I../include/ -c tlb_asm.S
make[1]: Leaving directory `/usr/src/workdir/mm'
make --directory=user
make[1]: Entering directory `/usr/src/workdir/user'
echo as entry.S
as entry.S
/OSLAB/compiler/usr/bin/mips_4KC-gcc -O -G 0 -mno-abicalls -fno-builtin -Wa,-xgot -Wall -fPIC -I../include/ -c -o entry.o entry.S
entry.S: Assembler messages:
entry.S:104: Warning: Used $at without ".set noat"
echo as syscall_wrap.S
as syscall_wrap.S
/OSLAB/compiler/usr/bin/mips_4KC-gcc -O -G 0 -mno-abicalls -fno-builtin -Wa,-xgot -Wall -fPIC -I../include/ -c -o syscall_wrap.o syscall_wrap.S
echo user1 cc cpt.c
user1 cc cpt.c
/OSLAB/compiler/usr/bin/mips_4KC-gcc -O -G 0 -mno-abicalls -fno-builtin -Wa,-xgot -Wall -fPIC -I../include/ -c -o cpt.o cpt.c
cpt.c: In function 'umain':
cpt.c:271: warning: passing argument 1 of 'syscall_write_dev' makes integer from pointer without a cast
cpt.c:267: warning: unused variable 'c'
echo user1 cc printf.c
user1 cc printf.c
/OSLAB/compiler/usr/bin/mips_4KC-gcc -O -G 0 -mno-abicalls -fno-builtin -Wa,-xgot -Wall -fPIC -I../include/ -c -o printf.o printf.c
echo user1 cc print.c
user1 cc print.c
/OSLAB/compiler/usr/bin/mips_4KC-gcc -O -G 0 -mno-abicalls -fno-builtin -Wa,-xgot -Wall -fPIC -I../include/ -c -o print.o print.c
echo user1 cc libos.c
user1 cc libos.c
/OSLAB/compiler/usr/bin/mips_4KC-gcc -O -G 0 -mno-abicalls -fno-builtin -Wa,-xgot -Wall -fPIC -I../include/ -c -o libos.o libos.c
echo user1 cc fork.c
user1 cc fork.c
/OSLAB/compiler/usr/bin/mips_4KC-gcc -O -G 0 -mno-abicalls -fno-builtin -Wa,-xgot -Wall -fPIC -I../include/ -c -o fork.o fork.c
fork.c: In function 'pgfault':
fork.c:101: warning: passing argument 1 of 'user_bcopy' makes pointer from integer without a cast
fork.c:101: warning: passing argument 2 of 'user_bcopy' makes pointer from integer without a cast
echo user1 cc pgfault.c
user1 cc pgfault.c
/OSLAB/compiler/usr/bin/mips_4KC-gcc -O -G 0 -mno-abicalls -fno-builtin -Wa,-xgot -Wall -fPIC -I../include/ -c -o pgfault.o pgfault.c
echo user1 cc syscall_lib.c
user1 cc syscall_lib.c
/OSLAB/compiler/usr/bin/mips_4KC-gcc -O -G 0 -mno-abicalls -fno-builtin -Wa,-xgot -Wall -fPIC -I../include/ -c -o syscall_lib.o syscall_lib.c
echo user1 cc ipc.c
user1 cc ipc.c
/OSLAB/compiler/usr/bin/mips_4KC-gcc -O -G 0 -mno-abicalls -fno-builtin -Wa,-xgot -Wall -fPIC -I../include/ -c -o ipc.o ipc.c
echo user1 cc string.c
user1 cc string.c
/OSLAB/compiler/usr/bin/mips_4KC-gcc -O -G 0 -mno-abicalls -fno-builtin -Wa,-xgot -Wall -fPIC -I../include/ -c -o string.o string.c
echo user1 cc fd.c
user1 cc fd.c
/OSLAB/compiler/usr/bin/mips_4KC-gcc -O -G 0 -mno-abicalls -fno-builtin -Wa,-xgot -Wall -fPIC -I../include/ -c -o fd.o fd.c
fd.c: In function 'read':
fd.c:197: warning: unused variable 'fd'
fd.c:196: warning: unused variable 'dev'
fd.c:207: warning: 'r' is used uninitialized in this function
echo user1 cc pageref.c
user1 cc pageref.c
/OSLAB/compiler/usr/bin/mips_4KC-gcc -O -G 0 -mno-abicalls -fno-builtin -Wa,-xgot -Wall -fPIC -I../include/ -c -o pageref.o pageref.c
echo user1 cc file.c
user1 cc file.c
/OSLAB/compiler/usr/bin/mips_4KC-gcc -O -G 0 -mno-abicalls -fno-builtin -Wa,-xgot -Wall -fPIC -I../include/ -c -o file.o file.c
file.c: In function 'open':
file.c:35: warning: unused variable 'i'
file.c:34: warning: unused variable 'va'
file.c:33: warning: unused variable 'r'
file.c:32: warning: unused variable 'fileid'
file.c:32: warning: unused variable 'size'
file.c:31: warning: unused variable 'ffd'
file.c:30: warning: unused variable 'fd'
file.c:55: warning: control reaches end of non-void function
file.c: In function 'remove':
file.c:255: warning: control reaches end of non-void function
echo user1 cc pipe.c
user1 cc pipe.c
/OSLAB/compiler/usr/bin/mips_4KC-gcc -O -G 0 -mno-abicalls -fno-builtin -Wa,-xgot -Wall -fPIC -I../include/ -c -o pipe.o pipe.c
pipe.c: In function '_pipeisclosed':
pipe.c:94: warning: unused variable 'runs'
pipe.c:94: warning: unused variable 'pfp'
pipe.c:94: warning: unused variable 'pfd'
pipe.c:99: warning: control reaches end of non-void function
pipe.c: In function 'piperead':
pipe.c:134: warning: unused variable 'rbuf'
pipe.c:133: warning: unused variable 'p'
pipe.c:141: warning: 'i' is used uninitialized in this function
pipe.c: In function 'pipewrite':
pipe.c:160: warning: unused variable 'wbuf'
pipe.c:159: warning: unused variable 'p'
pipe.c:158: warning: unused variable 'i'
echo user1 cc fsipc.c
user1 cc fsipc.c
/OSLAB/compiler/usr/bin/mips_4KC-gcc -O -G 0 -mno-abicalls -fno-builtin -Wa,-xgot -Wall -fPIC -I../include/ -c -o fsipc.o fsipc.c
fsipc.c: In function 'fsipc_remove':
fsipc.c:133: warning: control reaches end of non-void function
echo user1 cc console.c
user1 cc console.c
/OSLAB/compiler/usr/bin/mips_4KC-gcc -O -G 0 -mno-abicalls -fno-builtin -Wa,-xgot -Wall -fPIC -I../include/ -c -o console.o console.c
echo user1 cc fprintf.c
user1 cc fprintf.c
/OSLAB/compiler/usr/bin/mips_4KC-gcc -O -G 0 -mno-abicalls -fno-builtin -Wa,-xgot -Wall -fPIC -I../include/ -c -o fprintf.o fprintf.c
echo ld cpt.b
ld cpt.b
/OSLAB/compiler/usr/bin/mips_4KC-ld -o cpt.b  -G 0 -static -n -nostdlib -T ./user.lds entry.o syscall_wrap.o cpt.o printf.o print.o libos.o fork.o pgfault.o syscall_lib.o ipc.o string.o fd.o pageref.o file.o pipe.o fsipc.o console.o fprintf.o
echo create cpt.b.c
create cpt.b.c
echo bintoc cpt cpt.b > cpt.b.c~
chmod +x ./bintoc
./bintoc cpt cpt.b > cpt.b.c~ && mv -f cpt.b.c~ cpt.b.c
echo cc1 cpt.b.c
cc1 cpt.b.c
/OSLAB/compiler/usr/bin/mips_4KC-gcc -O -G 0 -mno-abicalls -fno-builtin -Wa,-xgot -Wall -fPIC -c -o cpt.x cpt.b.c
echo user1 cc fktest.c
user1 cc fktest.c
/OSLAB/compiler/usr/bin/mips_4KC-gcc -O -G 0 -mno-abicalls -fno-builtin -Wa,-xgot -Wall -fPIC -I../include/ -c -o fktest.o fktest.c
echo ld fktest.b
ld fktest.b
/OSLAB/compiler/usr/bin/mips_4KC-ld -o fktest.b  -G 0 -static -n -nostdlib -T ./user.lds entry.o syscall_wrap.o fktest.o printf.o print.o libos.o fork.o pgfault.o syscall_lib.o ipc.o string.o fd.o pageref.o file.o pipe.o fsipc.o console.o fprintf.o
echo create fktest.b.c
create fktest.b.c
echo bintoc fktest fktest.b > fktest.b.c~
chmod +x ./bintoc
./bintoc fktest fktest.b > fktest.b.c~ && mv -f fktest.b.c~ fktest.b.c
echo cc1 fktest.b.c
cc1 fktest.b.c
/OSLAB/compiler/usr/bin/mips_4KC-gcc -O -G 0 -mno-abicalls -fno-builtin -Wa,-xgot -Wall -fPIC -c -o fktest.x fktest.b.c
echo user1 cc pingpong.c
user1 cc pingpong.c
/OSLAB/compiler/usr/bin/mips_4KC-gcc -O -G 0 -mno-abicalls -fno-builtin -Wa,-xgot -Wall -fPIC -I../include/ -c -o pingpong.o pingpong.c
echo ld pingpong.b
ld pingpong.b
/OSLAB/compiler/usr/bin/mips_4KC-ld -o pingpong.b  -G 0 -static -n -nostdlib -T ./user.lds entry.o syscall_wrap.o pingpong.o printf.o print.o libos.o fork.o pgfault.o syscall_lib.o ipc.o string.o fd.o pageref.o file.o pipe.o fsipc.o console.o fprintf.o
echo create pingpong.b.c
create pingpong.b.c
echo bintoc pingpong pingpong.b > pingpong.b.c~
chmod +x ./bintoc
./bintoc pingpong pingpong.b > pingpong.b.c~ && mv -f pingpong.b.c~ pingpong.b.c
echo cc1 pingpong.b.c
cc1 pingpong.b.c
/OSLAB/compiler/usr/bin/mips_4KC-gcc -O -G 0 -mno-abicalls -fno-builtin -Wa,-xgot -Wall -fPIC -c -o pingpong.x pingpong.b.c
echo user1 cc idle.c
user1 cc idle.c
/OSLAB/compiler/usr/bin/mips_4KC-gcc -O -G 0 -mno-abicalls -fno-builtin -Wa,-xgot -Wall -fPIC -I../include/ -c -o idle.o idle.c
echo ld idle.b
ld idle.b
/OSLAB/compiler/usr/bin/mips_4KC-ld -o idle.b  -G 0 -static -n -nostdlib -T ./user.lds entry.o syscall_wrap.o idle.o printf.o print.o libos.o fork.o pgfault.o syscall_lib.o ipc.o string.o fd.o pageref.o file.o pipe.o fsipc.o console.o fprintf.o
echo create idle.b.c
create idle.b.c
echo bintoc idle idle.b > idle.b.c~
chmod +x ./bintoc
./bintoc idle idle.b > idle.b.c~ && mv -f idle.b.c~ idle.b.c
echo cc1 idle.b.c
cc1 idle.b.c
/OSLAB/compiler/usr/bin/mips_4KC-gcc -O -G 0 -mno-abicalls -fno-builtin -Wa,-xgot -Wall -fPIC -c -o idle.x idle.b.c
echo user1 cc fstest.c
user1 cc fstest.c
/OSLAB/compiler/usr/bin/mips_4KC-gcc -O -G 0 -mno-abicalls -fno-builtin -Wa,-xgot -Wall -fPIC -I../include/ -c -o fstest.o fstest.c
echo ld fstest.b
ld fstest.b
/OSLAB/compiler/usr/bin/mips_4KC-ld -o fstest.b  -G 0 -static -n -nostdlib -T ./user.lds entry.o syscall_wrap.o fstest.o printf.o print.o libos.o fork.o pgfault.o syscall_lib.o ipc.o string.o fd.o pageref.o file.o pipe.o fsipc.o console.o fprintf.o
echo create fstest.b.c
create fstest.b.c
echo bintoc fstest fstest.b > fstest.b.c~
chmod +x ./bintoc
./bintoc fstest fstest.b > fstest.b.c~ && mv -f fstest.b.c~ fstest.b.c
echo cc1 fstest.b.c
cc1 fstest.b.c
/OSLAB/compiler/usr/bin/mips_4KC-gcc -O -G 0 -mno-abicalls -fno-builtin -Wa,-xgot -Wall -fPIC -c -o fstest.x fstest.b.c
rm idle.o pingpong.b.c idle.b cpt.b.c fktest.b.c idle.b.c pingpong.o fstest.b.c fstest.o cpt.o fktest.o
make[1]: Leaving directory `/usr/src/workdir/user'
make --directory=fs
make[1]: Entering directory `/usr/src/workdir/fs'
echo user1 cc serv.c
user1 cc serv.c
/OSLAB/compiler/usr/bin/mips_4KC-gcc -O -G 0 -mno-abicalls -fno-builtin -Wa,-xgot -Wall -fPIC -I../include/ -I../user/ -c -o serv.o serv.c
serv.c: In function 'serve_remove':
serv.c:206: warning: unused variable 'path'
serv.c:205: warning: unused variable 'r'
echo user1 cc fs.c
user1 cc fs.c
/OSLAB/compiler/usr/bin/mips_4KC-gcc -O -G 0 -mno-abicalls -fno-builtin -Wa,-xgot -Wall -fPIC -I../include/ -I../user/ -c -o fs.o fs.c
fs.c: In function 'unmap_block':
fs.c:110: warning: implicit declaration of function 'write_block'
fs.c: At top level:
fs.c:187: warning: conflicting types for 'write_block'
fs.c:110: warning: previous implicit declaration of 'write_block' was here
fs.c: In function 'dir_lookup':
fs.c:559: warning: unused variable 'f'
fs.c:558: warning: unused variable 'blk'
fs.c:557: warning: unused variable 'j'
fs.c:556: warning: unused variable 'r'
fs.c:563: warning: 'nblock' is used uninitialized in this function
echo user1 cc ide.c
user1 cc ide.c
/OSLAB/compiler/usr/bin/mips_4KC-gcc -O -G 0 -mno-abicalls -fno-builtin -Wa,-xgot -Wall -fPIC -I../include/ -I../user/ -c -o ide.o ide.c
echo user1 cc test.c
user1 cc test.c
/OSLAB/compiler/usr/bin/mips_4KC-gcc -O -G 0 -mno-abicalls -fno-builtin -Wa,-xgot -Wall -fPIC -I../include/ -I../user/ -c -o test.o test.c
echo ld serv.b
ld serv.b
/OSLAB/compiler/usr/bin/mips_4KC-ld -o serv.b  -G 0 -static -n -nostdlib -T ../user/user.lds ../user/entry.o ../user/syscall_wrap.o serv.o ../user/printf.o ../user/print.o ../user/libos.o ../user/fork.o ../user/pgfault.o ../user/syscall_lib.o ../user/ipc.o ../user/string.o ../user/fd.o ../user/pageref.o ../user/file.o ../user/fsipc.o ../user/pipe.o ../user/console.o ../user/fprintf.o fs.o ide.o test.o
echo create serv.b.c
create serv.b.c
echo bintoc serv serv.b > serv.b.c~
chmod +x ./bintoc
./bintoc serv serv.b > serv.b.c~ && mv -f serv.b.c~ serv.b.c
echo cc1 serv.b.c
cc1 serv.b.c
/OSLAB/compiler/usr/bin/mips_4KC-gcc -I../include/ -I../user/ -O -G 0 -mno-abicalls -fno-builtin -Wa,-xgot -Wall -fPIC -c -o serv.x serv.b.c
rm serv.o test.o serv.b.c ide.o fs.o
make[1]: Leaving directory `/usr/src/workdir/fs'
/OSLAB/compiler/usr/bin/mips_4KC-ld -o gxemul/vmlinux -N -T tools/scse0_3.lds boot/start.o init/main.o init/init.o init/code.o drivers/gxconsole/console.o lib/*.o user/*.x fs/*.x mm/*.o

End build at Mon May 13 14:32:08 CST 2019
[35m[ PASSED:1 ][0m
[35m[ TOTAL:1 ][0m
Beginning elementary test >>>>>>>>>>


Begin build at Mon May 13 14:32:18 CST 2019
Cleanning the project.................

for d in boot drivers init lib mm user fs;	\
		do					\
			make --directory=$d clean; \
		done; \
	rm -rf *.o *~ gxemul/vmlinux
make[1]: Entering directory `/usr/src/workdir/boot'
rm -rf *~ *.o
make[1]: Leaving directory `/usr/src/workdir/boot'
make[1]: Entering directory `/usr/src/workdir/drivers'
for d in gxconsole; \
		do				\
			make --directory=$d clean; \
		done
make[2]: Entering directory `/usr/src/workdir/drivers/gxconsole'
rm -rf *.o *~
make[2]: Leaving directory `/usr/src/workdir/drivers/gxconsole'
make[1]: Leaving directory `/usr/src/workdir/drivers'
make[1]: Entering directory `/usr/src/workdir/init'
rm -rf *~ *.o
make[1]: Leaving directory `/usr/src/workdir/init'
make[1]: Entering directory `/usr/src/workdir/lib'
rm -rf *~ *.o
make[1]: Leaving directory `/usr/src/workdir/lib'
make[1]: Entering directory `/usr/src/workdir/mm'
rm -rf *~ *.o
make[1]: Leaving directory `/usr/src/workdir/mm'
make[1]: Entering directory `/usr/src/workdir/user'
rm -rf *~ *.o *.b.c *.x *.b
make[1]: Leaving directory `/usr/src/workdir/user'
make[1]: Entering directory `/usr/src/workdir/fs'
rm -rf *~ *.o *.b.c *.b *.x
make[1]: Leaving directory `/usr/src/workdir/fs'

Building the project..................

make --directory=boot
make[1]: Entering directory `/usr/src/workdir/boot'
/OSLAB/compiler/usr/bin/mips_4KC-gcc -O -G 0 -mno-abicalls -fno-builtin -Wa,-xgot -Wall -fPIC -I../include/ -c start.S 
make[1]: Leaving directory `/usr/src/workdir/boot'
make --directory=drivers
make[1]: Entering directory `/usr/src/workdir/drivers'
make --directory=gxconsole
make[2]: Entering directory `/usr/src/workdir/drivers/gxconsole'
/OSLAB/compiler/usr/bin/mips_4KC-gcc -O -G 0 -mno-abicalls -fno-builtin -Wa,-xgot -Wall -fPIC   -c -o console.o console.c
make[2]: Leaving directory `/usr/src/workdir/drivers/gxconsole'
make[1]: Leaving directory `/usr/src/workdir/drivers'
make --directory=init
make[1]: Entering directory `/usr/src/workdir/init'
/OSLAB/compiler/usr/bin/mips_4KC-gcc -O -G 0 -mno-abicalls -fno-builtin -Wa,-xgot -Wall -fPIC -I../include -c init.c
/OSLAB/compiler/usr/bin/mips_4KC-gcc -O -G 0 -mno-abicalls -fno-builtin -Wa,-xgot -Wall -fPIC -I../include -c main.c
/OSLAB/compiler/usr/bin/mips_4KC-gcc -O -G 0 -mno-abicalls -fno-builtin -Wa,-xgot -Wall -fPIC -I../include -c code.c
make[1]: Leaving directory `/usr/src/workdir/init'
make --directory=lib
make[1]: Entering directory `/usr/src/workdir/lib'
/OSLAB/compiler/usr/bin/mips_4KC-gcc -O -G 0 -mno-abicalls -fno-builtin -Wa,-xgot -Wall -fPIC -I./ -I../ -I../include/ -c env.c
env.c: In function 'env_alloc':
env.c:204: warning: unused variable 'r'
env.c: In function 'env_run':
env.c:506: warning: assignment from incompatible pointer type
env.c:515: warning: passing argument 1 of 'lcontext' makes integer from pointer without a cast
/OSLAB/compiler/usr/bin/mips_4KC-gcc -O -G 0 -mno-abicalls -fno-builtin -Wa,-xgot -Wall -fPIC -I./ -I../ -I../include/ -c print.c
/OSLAB/compiler/usr/bin/mips_4KC-gcc -O -G 0 -mno-abicalls -fno-builtin -Wa,-xgot -Wall -fPIC -I./ -I../ -I../include/ -c printf.c
/OSLAB/compiler/usr/bin/mips_4KC-gcc -O -G 0 -mno-abicalls -fno-builtin -Wa,-xgot -Wall -fPIC -I./ -I../ -I../include/ -c sched.c
/OSLAB/compiler/usr/bin/mips_4KC-gcc -O -G 0 -mno-abicalls -fno-builtin -Wa,-xgot -Wall -fPIC -I./ -I../ -I../include/ -c env_asm.S
env_asm.S: Assembler messages:
env_asm.S:62: Warning: Used $at without ".set noat"
/OSLAB/compiler/usr/bin/mips_4KC-gcc -O -G 0 -mno-abicalls -fno-builtin -Wa,-xgot -Wall -fPIC -I./ -I../ -I../include/ -c kclock.c
/OSLAB/compiler/usr/bin/mips_4KC-gcc -O -G 0 -mno-abicalls -fno-builtin -Wa,-xgot -Wall -fPIC -I./ -I../ -I../include/ -c traps.c
/OSLAB/compiler/usr/bin/mips_4KC-gcc -O -G 0 -mno-abicalls -fno-builtin -Wa,-xgot -Wall -fPIC -I./ -I../ -I../include/ -c genex.S
/OSLAB/compiler/usr/bin/mips_4KC-gcc -O -G 0 -mno-abicalls -fno-builtin -Wa,-xgot -Wall -fPIC -I./ -I../ -I../include/ -c kclock_asm.S
/OSLAB/compiler/usr/bin/mips_4KC-gcc -O -G 0 -mno-abicalls -fno-builtin -Wa,-xgot -Wall -fPIC -I./ -I../ -I../include/ -c syscall.S
syscall.S: Assembler messages:
syscall.S:8: Warning: Used $at without ".set noat"
/OSLAB/compiler/usr/bin/mips_4KC-gcc -O -G 0 -mno-abicalls -fno-builtin -Wa,-xgot -Wall -fPIC -I./ -I../ -I../include/ -c syscall_all.c
syscall_all.c: In function 'sys_env_alloc':
syscall_all.c:307: warning: implicit declaration of function 'env_alloc'
syscall_all.c: In function 'sys_set_env_status':
syscall_all.c:340: warning: unused variable 'o'
syscall_all.c:339: warning: unused variable 'env_sched_list'
/OSLAB/compiler/usr/bin/mips_4KC-gcc -O -G 0 -mno-abicalls -fno-builtin -Wa,-xgot -Wall -fPIC -I./ -I../ -I../include/ -c getc.S
/OSLAB/compiler/usr/bin/mips_4KC-gcc -O -G 0 -mno-abicalls -fno-builtin -Wa,-xgot -Wall -fPIC -I./ -I../ -I../include/ -c kernel_elfloader.c
make[1]: Leaving directory `/usr/src/workdir/lib'
make --directory=mm
make[1]: Entering directory `/usr/src/workdir/mm'
/OSLAB/compiler/usr/bin/mips_4KC-gcc -O -G 0 -mno-abicalls -fno-builtin -Wa,-xgot -Wall -fPIC -I./ -I../ -I../include/ -c pmap.c
pmap.c: In function 'boot_map_segment':
pmap.c:132: warning: unused variable 'va_temp'
pmap.c: In function 'page_init':
pmap.c:203: warning: statement with no effect
pmap.c:198: warning: unused variable 'last'
pmap.c: In function 'page_alloc':
pmap.c:271: warning: passing argument 1 of 'bzero' makes pointer from integer without a cast
/OSLAB/compiler/usr/bin/mips_4KC-gcc -O -G 0 -mno-abicalls -fno-builtin -Wa,-xgot -Wall -fPIC -I./ -I../ -I../include/ -c tlb_asm.S
make[1]: Leaving directory `/usr/src/workdir/mm'
make --directory=user
make[1]: Entering directory `/usr/src/workdir/user'
echo as entry.S
as entry.S
/OSLAB/compiler/usr/bin/mips_4KC-gcc -O -G 0 -mno-abicalls -fno-builtin -Wa,-xgot -Wall -fPIC -I../include/ -c -o entry.o entry.S
entry.S: Assembler messages:
entry.S:104: Warning: Used $at without ".set noat"
echo as syscall_wrap.S
as syscall_wrap.S
/OSLAB/compiler/usr/bin/mips_4KC-gcc -O -G 0 -mno-abicalls -fno-builtin -Wa,-xgot -Wall -fPIC -I../include/ -c -o syscall_wrap.o syscall_wrap.S
echo user1 cc fktest.c
user1 cc fktest.c
/OSLAB/compiler/usr/bin/mips_4KC-gcc -O -G 0 -mno-abicalls -fno-builtin -Wa,-xgot -Wall -fPIC -I../include/ -c -o fktest.o fktest.c
echo user1 cc printf.c
user1 cc printf.c
/OSLAB/compiler/usr/bin/mips_4KC-gcc -O -G 0 -mno-abicalls -fno-builtin -Wa,-xgot -Wall -fPIC -I../include/ -c -o printf.o printf.c
echo user1 cc print.c
user1 cc print.c
/OSLAB/compiler/usr/bin/mips_4KC-gcc -O -G 0 -mno-abicalls -fno-builtin -Wa,-xgot -Wall -fPIC -I../include/ -c -o print.o print.c
echo user1 cc libos.c
user1 cc libos.c
/OSLAB/compiler/usr/bin/mips_4KC-gcc -O -G 0 -mno-abicalls -fno-builtin -Wa,-xgot -Wall -fPIC -I../include/ -c -o libos.o libos.c
echo user1 cc fork.c
user1 cc fork.c
/OSLAB/compiler/usr/bin/mips_4KC-gcc -O -G 0 -mno-abicalls -fno-builtin -Wa,-xgot -Wall -fPIC -I../include/ -c -o fork.o fork.c
fork.c: In function 'pgfault':
fork.c:101: warning: passing argument 1 of 'user_bcopy' makes pointer from integer without a cast
fork.c:101: warning: passing argument 2 of 'user_bcopy' makes pointer from integer without a cast
echo user1 cc pgfault.c
user1 cc pgfault.c
/OSLAB/compiler/usr/bin/mips_4KC-gcc -O -G 0 -mno-abicalls -fno-builtin -Wa,-xgot -Wall -fPIC -I../include/ -c -o pgfault.o pgfault.c
echo user1 cc syscall_lib.c
user1 cc syscall_lib.c
/OSLAB/compiler/usr/bin/mips_4KC-gcc -O -G 0 -mno-abicalls -fno-builtin -Wa,-xgot -Wall -fPIC -I../include/ -c -o syscall_lib.o syscall_lib.c
echo user1 cc ipc.c
user1 cc ipc.c
/OSLAB/compiler/usr/bin/mips_4KC-gcc -O -G 0 -mno-abicalls -fno-builtin -Wa,-xgot -Wall -fPIC -I../include/ -c -o ipc.o ipc.c
echo user1 cc string.c
user1 cc string.c
/OSLAB/compiler/usr/bin/mips_4KC-gcc -O -G 0 -mno-abicalls -fno-builtin -Wa,-xgot -Wall -fPIC -I../include/ -c -o string.o string.c
echo user1 cc fd.c
user1 cc fd.c
/OSLAB/compiler/usr/bin/mips_4KC-gcc -O -G 0 -mno-abicalls -fno-builtin -Wa,-xgot -Wall -fPIC -I../include/ -c -o fd.o fd.c
fd.c: In function 'read':
fd.c:197: warning: unused variable 'fd'
fd.c:196: warning: unused variable 'dev'
fd.c:207: warning: 'r' is used uninitialized in this function
echo user1 cc pageref.c
user1 cc pageref.c
/OSLAB/compiler/usr/bin/mips_4KC-gcc -O -G 0 -mno-abicalls -fno-builtin -Wa,-xgot -Wall -fPIC -I../include/ -c -o pageref.o pageref.c
echo user1 cc file.c
user1 cc file.c
/OSLAB/compiler/usr/bin/mips_4KC-gcc -O -G 0 -mno-abicalls -fno-builtin -Wa,-xgot -Wall -fPIC -I../include/ -c -o file.o file.c
file.c: In function 'open':
file.c:35: warning: unused variable 'i'
file.c:34: warning: unused variable 'va'
file.c:33: warning: unused variable 'r'
file.c:32: warning: unused variable 'fileid'
file.c:32: warning: unused variable 'size'
file.c:31: warning: unused variable 'ffd'
file.c:30: warning: unused variable 'fd'
file.c:55: warning: control reaches end of non-void function
file.c: In function 'remove':
file.c:255: warning: control reaches end of non-void function
echo user1 cc pipe.c
user1 cc pipe.c
/OSLAB/compiler/usr/bin/mips_4KC-gcc -O -G 0 -mno-abicalls -fno-builtin -Wa,-xgot -Wall -fPIC -I../include/ -c -o pipe.o pipe.c
pipe.c: In function '_pipeisclosed':
pipe.c:94: warning: unused variable 'runs'
pipe.c:94: warning: unused variable 'pfp'
pipe.c:94: warning: unused variable 'pfd'
pipe.c:99: warning: control reaches end of non-void function
pipe.c: In function 'piperead':
pipe.c:134: warning: unused variable 'rbuf'
pipe.c:133: warning: unused variable 'p'
pipe.c:141: warning: 'i' is used uninitialized in this function
pipe.c: In function 'pipewrite':
pipe.c:160: warning: unused variable 'wbuf'
pipe.c:159: warning: unused variable 'p'
pipe.c:158: warning: unused variable 'i'
echo user1 cc fsipc.c
user1 cc fsipc.c
/OSLAB/compiler/usr/bin/mips_4KC-gcc -O -G 0 -mno-abicalls -fno-builtin -Wa,-xgot -Wall -fPIC -I../include/ -c -o fsipc.o fsipc.c
fsipc.c: In function 'fsipc_remove':
fsipc.c:133: warning: control reaches end of non-void function
echo user1 cc console.c
user1 cc console.c
/OSLAB/compiler/usr/bin/mips_4KC-gcc -O -G 0 -mno-abicalls -fno-builtin -Wa,-xgot -Wall -fPIC -I../include/ -c -o console.o console.c
echo user1 cc dev_cons.c
user1 cc dev_cons.c
/OSLAB/compiler/usr/bin/mips_4KC-gcc -O -G 0 -mno-abicalls -fno-builtin -Wa,-xgot -Wall -fPIC -I../include/ -c -o dev_cons.o dev_cons.c
dev_cons.c: In function 'user_myoutput':
dev_cons.c:13: warning: passing argument 1 of 'syscall_write_dev' makes integer from pointer without a cast
dev_cons.c:16: warning: passing argument 1 of 'syscall_write_dev' makes integer from pointer without a cast
dev_cons.c: In function 'ugetc':
dev_cons.c:34: warning: passing argument 1 of 'syscall_read_dev' makes integer from pointer without a cast
echo user1 cc fprintf.c
user1 cc fprintf.c
/OSLAB/compiler/usr/bin/mips_4KC-gcc -O -G 0 -mno-abicalls -fno-builtin -Wa,-xgot -Wall -fPIC -I../include/ -c -o fprintf.o fprintf.c
echo ld fktest.b
ld fktest.b
/OSLAB/compiler/usr/bin/mips_4KC-ld -o fktest.b  -G 0 -static -n -nostdlib -T ./user.lds entry.o syscall_wrap.o fktest.o printf.o print.o libos.o fork.o pgfault.o syscall_lib.o ipc.o string.o fd.o pageref.o file.o pipe.o fsipc.o console.o dev_cons.o fprintf.o
echo create fktest.b.c
create fktest.b.c
echo bintoc fktest fktest.b > fktest.b.c~
chmod +x ./bintoc
./bintoc fktest fktest.b > fktest.b.c~ && mv -f fktest.b.c~ fktest.b.c
echo cc1 fktest.b.c
cc1 fktest.b.c
/OSLAB/compiler/usr/bin/mips_4KC-gcc -O -G 0 -mno-abicalls -fno-builtin -Wa,-xgot -Wall -fPIC -c -o fktest.x fktest.b.c
echo user1 cc pingpong.c
user1 cc pingpong.c
/OSLAB/compiler/usr/bin/mips_4KC-gcc -O -G 0 -mno-abicalls -fno-builtin -Wa,-xgot -Wall -fPIC -I../include/ -c -o pingpong.o pingpong.c
echo ld pingpong.b
ld pingpong.b
/OSLAB/compiler/usr/bin/mips_4KC-ld -o pingpong.b  -G 0 -static -n -nostdlib -T ./user.lds entry.o syscall_wrap.o pingpong.o printf.o print.o libos.o fork.o pgfault.o syscall_lib.o ipc.o string.o fd.o pageref.o file.o pipe.o fsipc.o console.o dev_cons.o fprintf.o
echo create pingpong.b.c
create pingpong.b.c
echo bintoc pingpong pingpong.b > pingpong.b.c~
chmod +x ./bintoc
./bintoc pingpong pingpong.b > pingpong.b.c~ && mv -f pingpong.b.c~ pingpong.b.c
echo cc1 pingpong.b.c
cc1 pingpong.b.c
/OSLAB/compiler/usr/bin/mips_4KC-gcc -O -G 0 -mno-abicalls -fno-builtin -Wa,-xgot -Wall -fPIC -c -o pingpong.x pingpong.b.c
echo user1 cc idle.c
user1 cc idle.c
/OSLAB/compiler/usr/bin/mips_4KC-gcc -O -G 0 -mno-abicalls -fno-builtin -Wa,-xgot -Wall -fPIC -I../include/ -c -o idle.o idle.c
echo ld idle.b
ld idle.b
/OSLAB/compiler/usr/bin/mips_4KC-ld -o idle.b  -G 0 -static -n -nostdlib -T ./user.lds entry.o syscall_wrap.o idle.o printf.o print.o libos.o fork.o pgfault.o syscall_lib.o ipc.o string.o fd.o pageref.o file.o pipe.o fsipc.o console.o dev_cons.o fprintf.o
echo create idle.b.c
create idle.b.c
echo bintoc idle idle.b > idle.b.c~
chmod +x ./bintoc
./bintoc idle idle.b > idle.b.c~ && mv -f idle.b.c~ idle.b.c
echo cc1 idle.b.c
cc1 idle.b.c
/OSLAB/compiler/usr/bin/mips_4KC-gcc -O -G 0 -mno-abicalls -fno-builtin -Wa,-xgot -Wall -fPIC -c -o idle.x idle.b.c
echo user1 cc fstest.c
user1 cc fstest.c
/OSLAB/compiler/usr/bin/mips_4KC-gcc -O -G 0 -mno-abicalls -fno-builtin -Wa,-xgot -Wall -fPIC -I../include/ -c -o fstest.o fstest.c
echo ld fstest.b
ld fstest.b
/OSLAB/compiler/usr/bin/mips_4KC-ld -o fstest.b  -G 0 -static -n -nostdlib -T ./user.lds entry.o syscall_wrap.o fstest.o printf.o print.o libos.o fork.o pgfault.o syscall_lib.o ipc.o string.o fd.o pageref.o file.o pipe.o fsipc.o console.o dev_cons.o fprintf.o
echo create fstest.b.c
create fstest.b.c
echo bintoc fstest fstest.b > fstest.b.c~
chmod +x ./bintoc
./bintoc fstest fstest.b > fstest.b.c~ && mv -f fstest.b.c~ fstest.b.c
echo cc1 fstest.b.c
cc1 fstest.b.c
/OSLAB/compiler/usr/bin/mips_4KC-gcc -O -G 0 -mno-abicalls -fno-builtin -Wa,-xgot -Wall -fPIC -c -o fstest.x fstest.b.c
echo user1 cc cgetct.c
user1 cc cgetct.c
/OSLAB/compiler/usr/bin/mips_4KC-gcc -O -G 0 -mno-abicalls -fno-builtin -Wa,-xgot -Wall -fPIC -I../include/ -c -o cgetct.o cgetct.c
echo ld cgetct.b
ld cgetct.b
/OSLAB/compiler/usr/bin/mips_4KC-ld -o cgetct.b  -G 0 -static -n -nostdlib -T ./user.lds entry.o syscall_wrap.o cgetct.o printf.o print.o libos.o fork.o pgfault.o syscall_lib.o ipc.o string.o fd.o pageref.o file.o pipe.o fsipc.o console.o dev_cons.o fprintf.o
echo create cgetct.b.c
create cgetct.b.c
echo bintoc cgetct cgetct.b > cgetct.b.c~
chmod +x ./bintoc
./bintoc cgetct cgetct.b > cgetct.b.c~ && mv -f cgetct.b.c~ cgetct.b.c
echo cc1 cgetct.b.c
cc1 cgetct.b.c
/OSLAB/compiler/usr/bin/mips_4KC-gcc -O -G 0 -mno-abicalls -fno-builtin -Wa,-xgot -Wall -fPIC -c -o cgetct.x cgetct.b.c
rm idle.o cgetct.o pingpong.b.c idle.b fktest.b.c idle.b.c pingpong.o fstest.b.c cgetct.b.c fstest.o fktest.o
make[1]: Leaving directory `/usr/src/workdir/user'
make --directory=fs
make[1]: Entering directory `/usr/src/workdir/fs'
echo user1 cc serv.c
user1 cc serv.c
/OSLAB/compiler/usr/bin/mips_4KC-gcc -O -G 0 -mno-abicalls -fno-builtin -Wa,-xgot -Wall -fPIC -I../include/ -I../user/ -c -o serv.o serv.c
serv.c: In function 'serve_remove':
serv.c:206: warning: unused variable 'path'
serv.c:205: warning: unused variable 'r'
echo user1 cc fs.c
user1 cc fs.c
/OSLAB/compiler/usr/bin/mips_4KC-gcc -O -G 0 -mno-abicalls -fno-builtin -Wa,-xgot -Wall -fPIC -I../include/ -I../user/ -c -o fs.o fs.c
fs.c: In function 'unmap_block':
fs.c:110: warning: implicit declaration of function 'write_block'
fs.c: At top level:
fs.c:187: warning: conflicting types for 'write_block'
fs.c:110: warning: previous implicit declaration of 'write_block' was here
fs.c: In function 'dir_lookup':
fs.c:559: warning: unused variable 'f'
fs.c:558: warning: unused variable 'blk'
fs.c:557: warning: unused variable 'j'
fs.c:556: warning: unused variable 'r'
fs.c:563: warning: 'nblock' is used uninitialized in this function
echo user1 cc ide.c
user1 cc ide.c
/OSLAB/compiler/usr/bin/mips_4KC-gcc -O -G 0 -mno-abicalls -fno-builtin -Wa,-xgot -Wall -fPIC -I../include/ -I../user/ -c -o ide.o ide.c
echo user1 cc test.c
user1 cc test.c
/OSLAB/compiler/usr/bin/mips_4KC-gcc -O -G 0 -mno-abicalls -fno-builtin -Wa,-xgot -Wall -fPIC -I../include/ -I../user/ -c -o test.o test.c
echo ld serv.b
ld serv.b
/OSLAB/compiler/usr/bin/mips_4KC-ld -o serv.b  -G 0 -static -n -nostdlib -T ../user/user.lds ../user/entry.o ../user/syscall_wrap.o serv.o ../user/printf.o ../user/print.o ../user/libos.o ../user/fork.o ../user/pgfault.o ../user/syscall_lib.o ../user/ipc.o ../user/string.o ../user/fd.o ../user/pageref.o ../user/file.o ../user/fsipc.o ../user/pipe.o ../user/console.o ../user/fprintf.o fs.o ide.o test.o
echo create serv.b.c
create serv.b.c
echo bintoc serv serv.b > serv.b.c~
chmod +x ./bintoc
./bintoc serv serv.b > serv.b.c~ && mv -f serv.b.c~ serv.b.c
echo cc1 serv.b.c
cc1 serv.b.c
/OSLAB/compiler/usr/bin/mips_4KC-gcc -I../include/ -I../user/ -O -G 0 -mno-abicalls -fno-builtin -Wa,-xgot -Wall -fPIC -c -o serv.x serv.b.c
rm serv.o test.o serv.b.c ide.o fs.o
make[1]: Leaving directory `/usr/src/workdir/fs'
/OSLAB/compiler/usr/bin/mips_4KC-ld -o gxemul/vmlinux -N -T tools/scse0_3.lds boot/start.o init/main.o init/init.o init/code.o drivers/gxconsole/console.o lib/*.o user/*.x fs/*.x mm/*.o

End build at Mon May 13 14:33:01 CST 2019
[35m[ PASSED:2 ][0m
[35m[ TOTAL:3 ][0m
[33m[01m[ You got 72 (of 100) this time. Mon May 13 14:33:12 CST 2019 ][0m
